# JRE version: OpenJDK Runtime Environment (11.0.11+9) (build 11.0.11+9-b60-7590822)
# Java VM: OpenJDK 64-Bit Server VM (11.0.11+9-b60-7590822, mixed mode, tiered, compressed oops, g1 gc, windows-amd64)
Heap:
 garbage-first heap   total 337920K, used 178110K [0x00000000a0000000, 0x0000000100000000)
  region size 1024K, 23 young (23552K), 8 survivors (8192K)
 Metaspace       used 120631K, capacity 123830K, committed 124032K, reserved 1157120K
  class space    used 14470K, capacity 15633K, committed 15744K, reserved 1048576K
GC Heap History (20 events):
Event: 472.153 GC heap before
{Heap before GC invocations=163 (full 0):
 garbage-first heap   total 337920K, used 286817K [0x00000000a0000000, 0x0000000100000000)
  region size 1024K, 94 young (96256K), 14 survivors (14336K)
 Metaspace       used 109299K, capacity 111994K, committed 112256K, reserved 1146880K
  class space    used 13148K, capacity 14121K, committed 14208K, reserved 1048576K
}
Event: 472.162 GC heap after
{Heap after GC invocations=164 (full 0):
 garbage-first heap   total 337920K, used 197816K [0x00000000a0000000, 0x0000000100000000)
  region size 1024K, 4 young (4096K), 4 survivors (4096K)
 Metaspace       used 109299K, capacity 111994K, committed 112256K, reserved 1146880K
  class space    used 13148K, capacity 14121K, committed 14208K, reserved 1048576K
}
Event: 473.112 GC heap before
{Heap before GC invocations=165 (full 0):
 garbage-first heap   total 337920K, used 271359K [0x00000000a0000000, 0x0000000100000000)
  region size 1024K, 90 young (92160K), 4 survivors (4096K)
 Metaspace       used 109303K, capacity 111994K, committed 112256K, reserved 1146880K
  class space    used 13148K, capacity 14121K, committed 14208K, reserved 1048576K
}
Event: 473.116 GC heap after
{Heap after GC invocations=166 (full 0):
 garbage-first heap   total 337920K, used 182652K [0x00000000a0000000, 0x0000000100000000)
  region size 1024K, 4 young (4096K), 4 survivors (4096K)
 Metaspace       used 109303K, capacity 111994K, committed 112256K, reserved 1146880K
  class space    used 13148K, capacity 14121K, committed 14208K, reserved 1048576K
}
Event: 473.228 GC heap before
{Heap before GC invocations=166 (full 0):
 garbage-first heap   total 337920K, used 194940K [0x00000000a0000000, 0x0000000100000000)
  region size 1024K, 16 young (16384K), 4 survivors (4096K)
 Metaspace       used 109303K, capacity 111994K, committed 112256K, reserved 1146880K
  class space    used 13148K, capacity 14121K, committed 14208K, reserved 1048576K
}
Event: 473.234 GC heap after
{Heap after GC invocations=167 (full 0):
 garbage-first heap   total 337920K, used 149312K [0x00000000a0000000, 0x0000000100000000)
  region size 1024K, 1 young (1024K), 1 survivors (1024K)
 Metaspace       used 109303K, capacity 111994K, committed 112256K, reserved 1146880K
  class space    used 13148K, capacity 14121K, committed 14208K, reserved 1048576K
}
Event: 473.404 GC heap before
{Heap before GC invocations=167 (full 0):
 garbage-first heap   total 337920K, used 163648K [0x00000000a0000000, 0x0000000100000000)
  region size 1024K, 16 young (16384K), 1 survivors (1024K)
 Metaspace       used 109306K, capacity 112058K, committed 112256K, reserved 1146880K
  class space    used 13148K, capacity 14121K, committed 14208K, reserved 1048576K
}
Event: 473.409 GC heap after
{Heap after GC invocations=168 (full 0):
 garbage-first heap   total 337920K, used 144136K [0x00000000a0000000, 0x0000000100000000)
  region size 1024K, 1 young (1024K), 1 survivors (1024K)
 Metaspace       used 109306K, capacity 112058K, committed 112256K, reserved 1146880K
  class space    used 13148K, capacity 14121K, committed 14208K, reserved 1048576K
}
Event: 475.296 GC heap before
{Heap before GC invocations=168 (full 0):
 garbage-first heap   total 337920K, used 270088K [0x00000000a0000000, 0x0000000100000000)
  region size 1024K, 124 young (126976K), 1 survivors (1024K)
 Metaspace       used 112423K, capacity 115232K, committed 115328K, reserved 1150976K
  class space    used 13606K, capacity 14662K, committed 14720K, reserved 1048576K
}
Event: 475.301 GC heap after
{Heap after GC invocations=169 (full 0):
 garbage-first heap   total 337920K, used 144047K [0x00000000a0000000, 0x0000000100000000)
  region size 1024K, 3 young (3072K), 3 survivors (3072K)
 Metaspace       used 112423K, capacity 115232K, committed 115328K, reserved 1150976K
  class space    used 13606K, capacity 14662K, committed 14720K, reserved 1048576K
}
Event: 542.915 GC heap before
{Heap before GC invocations=169 (full 0):
 garbage-first heap   total 337920K, used 273071K [0x00000000a0000000, 0x0000000100000000)
  region size 1024K, 129 young (132096K), 3 survivors (3072K)
 Metaspace       used 112943K, capacity 115696K, committed 115968K, reserved 1150976K
  class space    used 13664K, capacity 14730K, committed 14848K, reserved 1048576K
}
Event: 542.922 GC heap after
{Heap after GC invocations=170 (full 0):
 garbage-first heap   total 337920K, used 145862K [0x00000000a0000000, 0x0000000100000000)
  region size 1024K, 5 young (5120K), 5 survivors (5120K)
 Metaspace       used 112943K, capacity 115696K, committed 115968K, reserved 1150976K
  class space    used 13664K, capacity 14730K, committed 14848K, reserved 1048576K
}
Event: 828.102 GC heap before
{Heap before GC invocations=170 (full 0):
 garbage-first heap   total 337920K, used 275910K [0x00000000a0000000, 0x0000000100000000)
  region size 1024K, 133 young (136192K), 5 survivors (5120K)
 Metaspace       used 116471K, capacity 119464K, committed 119552K, reserved 1153024K
  class space    used 13973K, capacity 15066K, committed 15104K, reserved 1048576K
}
Event: 828.108 GC heap after
{Heap after GC invocations=171 (full 0):
 garbage-first heap   total 337920K, used 146902K [0x00000000a0000000, 0x0000000100000000)
  region size 1024K, 6 young (6144K), 6 survivors (6144K)
 Metaspace       used 116471K, capacity 119464K, committed 119552K, reserved 1153024K
  class space    used 13973K, capacity 15066K, committed 15104K, reserved 1048576K
}
Event: 835.435 GC heap before
{Heap before GC invocations=171 (full 0):
 garbage-first heap   total 337920K, used 278998K [0x00000000a0000000, 0x0000000100000000)
  region size 1024K, 136 young (139264K), 6 survivors (6144K)
 Metaspace       used 118603K, capacity 121703K, committed 121856K, reserved 1155072K
  class space    used 14239K, capacity 15353K, committed 15360K, reserved 1048576K
}
Event: 835.466 GC heap after
{Heap after GC invocations=172 (full 0):
 garbage-first heap   total 337920K, used 155796K [0x00000000a0000000, 0x0000000100000000)
  region size 1024K, 14 young (14336K), 14 survivors (14336K)
 Metaspace       used 118603K, capacity 121703K, committed 121856K, reserved 1155072K
  class space    used 14239K, capacity 15353K, committed 15360K, reserved 1048576K
}
Event: 844.339 GC heap before
{Heap before GC invocations=172 (full 0):
 garbage-first heap   total 337920K, used 280724K [0x00000000a0000000, 0x0000000100000000)
  region size 1024K, 137 young (140288K), 14 survivors (14336K)
 Metaspace       used 119521K, capacity 122730K, committed 122880K, reserved 1157120K
  class space    used 14379K, capacity 15554K, committed 15616K, reserved 1048576K
}
Event: 844.366 GC heap after
{Heap after GC invocations=173 (full 0):
 garbage-first heap   total 337920K, used 160308K [0x00000000a0000000, 0x0000000100000000)
  region size 1024K, 14 young (14336K), 14 survivors (14336K)
 Metaspace       used 119521K, capacity 122730K, committed 122880K, reserved 1157120K
  class space    used 14379K, capacity 15554K, committed 15616K, reserved 1048576K
}
Event: 851.462 GC heap before
{Heap before GC invocations=173 (full 0):
 garbage-first heap   total 337920K, used 284212K [0x00000000a0000000, 0x0000000100000000)
  region size 1024K, 136 young (139264K), 14 survivors (14336K)
 Metaspace       used 120544K, capacity 123763K, committed 124032K, reserved 1157120K
  class space    used 14470K, capacity 15633K, committed 15744K, reserved 1048576K
}
Event: 851.496 GC heap after
{Heap after GC invocations=174 (full 0):
 garbage-first heap   total 337920K, used 163774K [0x00000000a0000000, 0x0000000100000000)
  region size 1024K, 8 young (8192K), 8 survivors (8192K)
 Metaspace       used 120544K, capacity 123763K, committed 124032K, reserved 1157120K
  class space    used 14470K, capacity 15633K, committed 15744K, reserved 1048576K
}

